<?xml version="1.0" encoding="UTF-8"?>
<testsuite name="com.bridgelaz.addressbooktest.AddressBookTest" tests="1" skipped="0" failures="0" errors="0" timestamp="2021-04-01T13:12:43" hostname="LAPTOP-VA1S61KV" time="0.142">
  <properties/>
  <testcase name="givenJsonFile_WhenRead_ShouldReturn_TRUE()" classname="com.bridgelaz.addressbooktest.AddressBookTest" time="0.142"/>
  <system-out><![CDATA[ContactPerson{firstName='Samiksha', lastName='Shende', address='Sane Guruji Nagar', city='Wardha', state='Maharastra', zip=442001, phoneNumber='7387555893', email='shendesamiksha@rediffmail.com'}
]]></system-out>
  <system-err><![CDATA[]]></system-err>
</testsuite>
